<?xml version="1.0" encoding="UTF-8"?>
<testsuite xmlns:xsi="http://www.w3.org/2001/XMLSchema-instance" xsi:noNamespaceSchemaLocation="https://maven.apache.org/surefire/maven-surefire-plugin/xsd/surefire-test-report.xsd" name="io.specialrooter.plus.mybatisplus.x.LocalDateTimeJsonDeserializerTest" time="0.003" tests="0" errors="0" skipped="0" failures="0">
  <properties>
    <property name="gopherProxySet" value="false"/>
    <property name="awt.toolkit" value="sun.lwawt.macosx.LWCToolkit"/>
    <property name="java.specification.version" value="11"/>
    <property name="sun.cpu.isalist" value=""/>
    <property name="sun.jnu.encoding" value="UTF-8"/>
    <property name="java.class.path" value="/Users/ai/Work/Code/Java/specialrooter-parent5.7.0/plus-mybatis-plus/target/test-classes:/Users/ai/Work/Code/Java/specialrooter-parent5.7.0/plus-mybatis-plus/target/classes:/Users/ai/Work/App/mvn-repository/io/specialrooter/basic/5.7.0-SNAPSHOT/basic-5.7.0-SNAPSHOT.jar:/Users/ai/Work/App/mvn-repository/org/springframework/boot/spring-boot-starter-web/2.3.8.RELEASE/spring-boot-starter-web-2.3.8.RELEASE.jar:/Users/ai/Work/App/mvn-repository/org/springframework/boot/spring-boot-starter-json/2.3.8.RELEASE/spring-boot-starter-json-2.3.8.RELEASE.jar:/Users/ai/Work/App/mvn-repository/com/fasterxml/jackson/datatype/jackson-datatype-jdk8/2.11.4/jackson-datatype-jdk8-2.11.4.jar:/Users/ai/Work/App/mvn-repository/com/fasterxml/jackson/datatype/jackson-datatype-jsr310/2.11.4/jackson-datatype-jsr310-2.11.4.jar:/Users/ai/Work/App/mvn-repository/com/fasterxml/jackson/module/jackson-module-parameter-names/2.11.4/jackson-module-parameter-names-2.11.4.jar:/Users/ai/Work/App/mvn-repository/org/springframework/boot/spring-boot-starter-tomcat/2.3.8.RELEASE/spring-boot-starter-tomcat-2.3.8.RELEASE.jar:/Users/ai/Work/App/mvn-repository/org/apache/tomcat/embed/tomcat-embed-core/9.0.41/tomcat-embed-core-9.0.41.jar:/Users/ai/Work/App/mvn-repository/org/glassfish/jakarta.el/3.0.3/jakarta.el-3.0.3.jar:/Users/ai/Work/App/mvn-repository/org/apache/tomcat/embed/tomcat-embed-websocket/9.0.41/tomcat-embed-websocket-9.0.41.jar:/Users/ai/Work/App/mvn-repository/org/springframework/spring-webmvc/5.2.12.RELEASE/spring-webmvc-5.2.12.RELEASE.jar:/Users/ai/Work/App/mvn-repository/org/springframework/spring-expression/5.2.12.RELEASE/spring-expression-5.2.12.RELEASE.jar:/Users/ai/Work/App/mvn-repository/org/projectlombok/lombok/1.18.8/lombok-1.18.8.jar:/Users/ai/Work/App/mvn-repository/mysql/mysql-connector-java/8.0.18/mysql-connector-java-8.0.18.jar:/Users/ai/Work/App/mvn-repository/com/baomidou/mybatis-plus-boot-starter/3.4.2/mybatis-plus-boot-starter-3.4.2.jar:/Users/ai/Work/App/mvn-repository/com/baomidou/mybatis-plus/3.4.2/mybatis-plus-3.4.2.jar:/Users/ai/Work/App/mvn-repository/org/springframework/boot/spring-boot-autoconfigure/2.3.8.RELEASE/spring-boot-autoconfigure-2.3.8.RELEASE.jar:/Users/ai/Work/App/mvn-repository/org/springframework/boot/spring-boot-starter-jdbc/2.3.8.RELEASE/spring-boot-starter-jdbc-2.3.8.RELEASE.jar:/Users/ai/Work/App/mvn-repository/com/zaxxer/HikariCP/3.4.5/HikariCP-3.4.5.jar:/Users/ai/Work/App/mvn-repository/org/springframework/spring-jdbc/5.2.12.RELEASE/spring-jdbc-5.2.12.RELEASE.jar:/Users/ai/Work/App/mvn-repository/io/springfox/springfox-swagger2/2.9.2/springfox-swagger2-2.9.2.jar:/Users/ai/Work/App/mvn-repository/io/swagger/swagger-annotations/1.5.20/swagger-annotations-1.5.20.jar:/Users/ai/Work/App/mvn-repository/io/swagger/swagger-models/1.5.20/swagger-models-1.5.20.jar:/Users/ai/Work/App/mvn-repository/io/springfox/springfox-spi/2.9.2/springfox-spi-2.9.2.jar:/Users/ai/Work/App/mvn-repository/io/springfox/springfox-core/2.9.2/springfox-core-2.9.2.jar:/Users/ai/Work/App/mvn-repository/net/bytebuddy/byte-buddy/1.10.19/byte-buddy-1.10.19.jar:/Users/ai/Work/App/mvn-repository/io/springfox/springfox-schema/2.9.2/springfox-schema-2.9.2.jar:/Users/ai/Work/App/mvn-repository/io/springfox/springfox-swagger-common/2.9.2/springfox-swagger-common-2.9.2.jar:/Users/ai/Work/App/mvn-repository/io/springfox/springfox-spring-web/2.9.2/springfox-spring-web-2.9.2.jar:/Users/ai/Work/App/mvn-repository/com/fasterxml/classmate/1.5.1/classmate-1.5.1.jar:/Users/ai/Work/App/mvn-repository/org/slf4j/slf4j-api/1.7.30/slf4j-api-1.7.30.jar:/Users/ai/Work/App/mvn-repository/org/springframework/plugin/spring-plugin-core/1.2.0.RELEASE/spring-plugin-core-1.2.0.RELEASE.jar:/Users/ai/Work/App/mvn-repository/org/springframework/plugin/spring-plugin-metadata/1.2.0.RELEASE/spring-plugin-metadata-1.2.0.RELEASE.jar:/Users/ai/Work/App/mvn-repository/org/mapstruct/mapstruct/1.2.0.Final/mapstruct-1.2.0.Final.jar:/Users/ai/Work/App/mvn-repository/com/baomidou/mybatis-plus-generator/3.4.0/mybatis-plus-generator-3.4.0.jar:/Users/ai/Work/App/mvn-repository/com/baomidou/mybatis-plus-extension/3.4.2/mybatis-plus-extension-3.4.2.jar:/Users/ai/Work/App/mvn-repository/com/baomidou/mybatis-plus-core/3.4.2/mybatis-plus-core-3.4.2.jar:/Users/ai/Work/App/mvn-repository/com/baomidou/mybatis-plus-annotation/3.4.2/mybatis-plus-annotation-3.4.2.jar:/Users/ai/Work/App/mvn-repository/com/github/jsqlparser/jsqlparser/4.0/jsqlparser-4.0.jar:/Users/ai/Work/App/mvn-repository/org/mybatis/mybatis/3.5.6/mybatis-3.5.6.jar:/Users/ai/Work/App/mvn-repository/org/mybatis/mybatis-spring/2.0.5/mybatis-spring-2.0.5.jar:/Users/ai/Work/App/mvn-repository/io/specialrooter/security/5.7.0-SNAPSHOT/security-5.7.0-SNAPSHOT.jar:/Users/ai/Work/App/mvn-repository/io/specialrooter/utils/5.7.0-SNAPSHOT/utils-5.7.0-SNAPSHOT.jar:/Users/ai/Work/App/mvn-repository/org/freemarker/freemarker/2.3.30/freemarker-2.3.30.jar:/Users/ai/Work/App/mvn-repository/com/google/guava/guava/29.0-jre/guava-29.0-jre.jar:/Users/ai/Work/App/mvn-repository/com/google/guava/failureaccess/1.0.1/failureaccess-1.0.1.jar:/Users/ai/Work/App/mvn-repository/com/google/guava/listenablefuture/9999.0-empty-to-avoid-conflict-with-guava/listenablefuture-9999.0-empty-to-avoid-conflict-with-guava.jar:/Users/ai/Work/App/mvn-repository/com/google/code/findbugs/jsr305/3.0.2/jsr305-3.0.2.jar:/Users/ai/Work/App/mvn-repository/org/checkerframework/checker-qual/2.11.1/checker-qual-2.11.1.jar:/Users/ai/Work/App/mvn-repository/com/google/errorprone/error_prone_annotations/2.3.4/error_prone_annotations-2.3.4.jar:/Users/ai/Work/App/mvn-repository/com/google/j2objc/j2objc-annotations/1.3/j2objc-annotations-1.3.jar:/Users/ai/Work/App/mvn-repository/com/alibaba/fastjson/1.2.76/fastjson-1.2.76.jar:/Users/ai/Work/App/mvn-repository/org/apache/commons/commons-lang3/3.10/commons-lang3-3.10.jar:/Users/ai/Work/App/mvn-repository/cn/afterturn/easypoi-spring-boot-starter/4.1.3/easypoi-spring-boot-starter-4.1.3.jar:/Users/ai/Work/App/mvn-repository/cn/afterturn/easypoi-web/4.1.3/easypoi-web-4.1.3.jar:/Users/ai/Work/App/mvn-repository/cn/afterturn/easypoi-base/4.1.3/easypoi-base-4.1.3.jar:/Users/ai/Work/App/mvn-repository/org/apache/poi/poi/4.1.0/poi-4.1.0.jar:/Users/ai/Work/App/mvn-repository/org/apache/commons/commons-collections4/4.3/commons-collections4-4.3.jar:/Users/ai/Work/App/mvn-repository/org/apache/commons/commons-math3/3.6.1/commons-math3-3.6.1.jar:/Users/ai/Work/App/mvn-repository/org/apache/poi/poi-ooxml/4.1.0/poi-ooxml-4.1.0.jar:/Users/ai/Work/App/mvn-repository/org/apache/commons/commons-compress/1.18/commons-compress-1.18.jar:/Users/ai/Work/App/mvn-repository/com/github/virtuald/curvesapi/1.06/curvesapi-1.06.jar:/Users/ai/Work/App/mvn-repository/org/apache/poi/poi-ooxml-schemas/4.1.0/poi-ooxml-schemas-4.1.0.jar:/Users/ai/Work/App/mvn-repository/org/apache/xmlbeans/xmlbeans/3.1.0/xmlbeans-3.1.0.jar:/Users/ai/Work/App/mvn-repository/ognl/ognl/3.2.6/ognl-3.2.6.jar:/Users/ai/Work/App/mvn-repository/org/javassist/javassist/3.20.0-GA/javassist-3.20.0-GA.jar:/Users/ai/Work/App/mvn-repository/javax/validation/validation-api/2.0.1.Final/validation-api-2.0.1.Final.jar:/Users/ai/Work/App/mvn-repository/cn/afterturn/easypoi-annotation/4.1.3/easypoi-annotation-4.1.3.jar:/Users/ai/Work/App/mvn-repository/dom4j/dom4j/1.6.1/dom4j-1.6.1.jar:/Users/ai/Work/App/mvn-repository/xml-apis/xml-apis/1.0.b2/xml-apis-1.0.b2.jar:/Users/ai/Work/App/mvn-repository/com/alipay/sdk/alipay-sdk-java/3.7.26.ALL/alipay-sdk-java-3.7.26.ALL.jar:/Users/ai/Work/App/mvn-repository/commons-logging/commons-logging/1.2/commons-logging-1.2.jar:/Users/ai/Work/App/mvn-repository/cglib/cglib/3.3.0/cglib-3.3.0.jar:/Users/ai/Work/App/mvn-repository/org/ow2/asm/asm/7.1/asm-7.1.jar:/Users/ai/Work/App/mvn-repository/io/specialrooter/http/5.7.0-SNAPSHOT/http-5.7.0-SNAPSHOT.jar:/Users/ai/Work/App/mvn-repository/org/apache/httpcomponents/httpclient/4.5.13/httpclient-4.5.13.jar:/Users/ai/Work/App/mvn-repository/org/apache/httpcomponents/httpcore/4.4.14/httpcore-4.4.14.jar:/Users/ai/Work/App/mvn-repository/commons-codec/commons-codec/1.14/commons-codec-1.14.jar:/Users/ai/Work/App/mvn-repository/commons-io/commons-io/2.8.0/commons-io-2.8.0.jar:/Users/ai/Work/App/mvn-repository/org/bouncycastle/bcprov-jdk15on/1.64/bcprov-jdk15on-1.64.jar:/Users/ai/Work/App/mvn-repository/io/specialrooter/bean/5.7.0-SNAPSHOT/bean-5.7.0-SNAPSHOT.jar:/Users/ai/Work/App/mvn-repository/com/nimbusds/nimbus-jose-jwt/4.41.1/nimbus-jose-jwt-4.41.1.jar:/Users/ai/Work/App/mvn-repository/com/github/stephenc/jcip/jcip-annotations/1.0-1/jcip-annotations-1.0-1.jar:/Users/ai/Work/App/mvn-repository/net/minidev/json-smart/2.3/json-smart-2.3.jar:/Users/ai/Work/App/mvn-repository/net/minidev/accessors-smart/1.2/accessors-smart-1.2.jar:/Users/ai/Work/App/mvn-repository/org/springframework/boot/spring-boot-starter-data-redis/2.3.8.RELEASE/spring-boot-starter-data-redis-2.3.8.RELEASE.jar:/Users/ai/Work/App/mvn-repository/org/springframework/boot/spring-boot-starter/2.3.8.RELEASE/spring-boot-starter-2.3.8.RELEASE.jar:/Users/ai/Work/App/mvn-repository/org/springframework/boot/spring-boot/2.3.8.RELEASE/spring-boot-2.3.8.RELEASE.jar:/Users/ai/Work/App/mvn-repository/org/springframework/boot/spring-boot-starter-logging/2.3.8.RELEASE/spring-boot-starter-logging-2.3.8.RELEASE.jar:/Users/ai/Work/App/mvn-repository/ch/qos/logback/logback-classic/1.2.3/logback-classic-1.2.3.jar:/Users/ai/Work/App/mvn-repository/ch/qos/logback/logback-core/1.2.3/logback-core-1.2.3.jar:/Users/ai/Work/App/mvn-repository/org/apache/logging/log4j/log4j-to-slf4j/2.13.3/log4j-to-slf4j-2.13.3.jar:/Users/ai/Work/App/mvn-repository/org/apache/logging/log4j/log4j-api/2.13.3/log4j-api-2.13.3.jar:/Users/ai/Work/App/mvn-repository/org/slf4j/jul-to-slf4j/1.7.30/jul-to-slf4j-1.7.30.jar:/Users/ai/Work/App/mvn-repository/jakarta/annotation/jakarta.annotation-api/1.3.5/jakarta.annotation-api-1.3.5.jar:/Users/ai/Work/App/mvn-repository/org/springframework/spring-core/5.2.12.RELEASE/spring-core-5.2.12.RELEASE.jar:/Users/ai/Work/App/mvn-repository/org/springframework/spring-jcl/5.2.12.RELEASE/spring-jcl-5.2.12.RELEASE.jar:/Users/ai/Work/App/mvn-repository/org/yaml/snakeyaml/1.26/snakeyaml-1.26.jar:/Users/ai/Work/App/mvn-repository/org/springframework/data/spring-data-redis/2.3.6.RELEASE/spring-data-redis-2.3.6.RELEASE.jar:/Users/ai/Work/App/mvn-repository/org/springframework/data/spring-data-keyvalue/2.3.6.RELEASE/spring-data-keyvalue-2.3.6.RELEASE.jar:/Users/ai/Work/App/mvn-repository/org/springframework/data/spring-data-commons/2.3.6.RELEASE/spring-data-commons-2.3.6.RELEASE.jar:/Users/ai/Work/App/mvn-repository/org/springframework/spring-tx/5.2.12.RELEASE/spring-tx-5.2.12.RELEASE.jar:/Users/ai/Work/App/mvn-repository/org/springframework/spring-oxm/5.2.12.RELEASE/spring-oxm-5.2.12.RELEASE.jar:/Users/ai/Work/App/mvn-repository/org/springframework/spring-aop/5.2.12.RELEASE/spring-aop-5.2.12.RELEASE.jar:/Users/ai/Work/App/mvn-repository/org/springframework/spring-context-support/5.2.12.RELEASE/spring-context-support-5.2.12.RELEASE.jar:/Users/ai/Work/App/mvn-repository/io/lettuce/lettuce-core/5.3.6.RELEASE/lettuce-core-5.3.6.RELEASE.jar:/Users/ai/Work/App/mvn-repository/io/netty/netty-common/4.1.58.Final/netty-common-4.1.58.Final.jar:/Users/ai/Work/App/mvn-repository/io/netty/netty-handler/4.1.58.Final/netty-handler-4.1.58.Final.jar:/Users/ai/Work/App/mvn-repository/io/netty/netty-resolver/4.1.58.Final/netty-resolver-4.1.58.Final.jar:/Users/ai/Work/App/mvn-repository/io/netty/netty-buffer/4.1.58.Final/netty-buffer-4.1.58.Final.jar:/Users/ai/Work/App/mvn-repository/io/netty/netty-codec/4.1.58.Final/netty-codec-4.1.58.Final.jar:/Users/ai/Work/App/mvn-repository/io/netty/netty-transport/4.1.58.Final/netty-transport-4.1.58.Final.jar:/Users/ai/Work/App/mvn-repository/io/projectreactor/reactor-core/3.3.13.RELEASE/reactor-core-3.3.13.RELEASE.jar:/Users/ai/Work/App/mvn-repository/org/springframework/cloud/spring-cloud-starter-netflix-hystrix/2.2.6.RELEASE/spring-cloud-starter-netflix-hystrix-2.2.6.RELEASE.jar:/Users/ai/Work/App/mvn-repository/org/springframework/cloud/spring-cloud-starter/2.2.6.RELEASE/spring-cloud-starter-2.2.6.RELEASE.jar:/Users/ai/Work/App/mvn-repository/org/springframework/cloud/spring-cloud-context/2.2.6.RELEASE/spring-cloud-context-2.2.6.RELEASE.jar:/Users/ai/Work/App/mvn-repository/org/springframework/security/spring-security-rsa/1.0.9.RELEASE/spring-security-rsa-1.0.9.RELEASE.jar:/Users/ai/Work/App/mvn-repository/org/bouncycastle/bcpkix-jdk15on/1.64/bcpkix-jdk15on-1.64.jar:/Users/ai/Work/App/mvn-repository/org/springframework/cloud/spring-cloud-netflix-hystrix/2.2.6.RELEASE/spring-cloud-netflix-hystrix-2.2.6.RELEASE.jar:/Users/ai/Work/App/mvn-repository/org/springframework/boot/spring-boot-starter-aop/2.3.8.RELEASE/spring-boot-starter-aop-2.3.8.RELEASE.jar:/Users/ai/Work/App/mvn-repository/org/springframework/cloud/spring-cloud-netflix-ribbon/2.2.6.RELEASE/spring-cloud-netflix-ribbon-2.2.6.RELEASE.jar:/Users/ai/Work/App/mvn-repository/org/springframework/cloud/spring-cloud-netflix-archaius/2.2.6.RELEASE/spring-cloud-netflix-archaius-2.2.6.RELEASE.jar:/Users/ai/Work/App/mvn-repository/org/springframework/cloud/spring-cloud-starter-netflix-archaius/2.2.6.RELEASE/spring-cloud-starter-netflix-archaius-2.2.6.RELEASE.jar:/Users/ai/Work/App/mvn-repository/com/netflix/archaius/archaius-core/0.7.6/archaius-core-0.7.6.jar:/Users/ai/Work/App/mvn-repository/commons-configuration/commons-configuration/1.8/commons-configuration-1.8.jar:/Users/ai/Work/App/mvn-repository/commons-lang/commons-lang/2.6/commons-lang-2.6.jar:/Users/ai/Work/App/mvn-repository/com/netflix/hystrix/hystrix-core/1.5.18/hystrix-core-1.5.18.jar:/Users/ai/Work/App/mvn-repository/io/reactivex/rxjava/1.3.8/rxjava-1.3.8.jar:/Users/ai/Work/App/mvn-repository/org/hdrhistogram/HdrHistogram/2.1.9/HdrHistogram-2.1.9.jar:/Users/ai/Work/App/mvn-repository/com/netflix/hystrix/hystrix-serialization/1.5.18/hystrix-serialization-1.5.18.jar:/Users/ai/Work/App/mvn-repository/com/fasterxml/jackson/module/jackson-module-afterburner/2.11.4/jackson-module-afterburner-2.11.4.jar:/Users/ai/Work/App/mvn-repository/com/fasterxml/jackson/core/jackson-core/2.11.4/jackson-core-2.11.4.jar:/Users/ai/Work/App/mvn-repository/com/fasterxml/jackson/core/jackson-databind/2.11.4/jackson-databind-2.11.4.jar:/Users/ai/Work/App/mvn-repository/com/fasterxml/jackson/core/jackson-annotations/2.11.4/jackson-annotations-2.11.4.jar:/Users/ai/Work/App/mvn-repository/com/netflix/hystrix/hystrix-metrics-event-stream/1.5.18/hystrix-metrics-event-stream-1.5.18.jar:/Users/ai/Work/App/mvn-repository/com/netflix/hystrix/hystrix-javanica/1.5.18/hystrix-javanica-1.5.18.jar:/Users/ai/Work/App/mvn-repository/org/aspectj/aspectjweaver/1.9.6/aspectjweaver-1.9.6.jar:/Users/ai/Work/App/mvn-repository/io/reactivex/rxjava-reactive-streams/1.2.1/rxjava-reactive-streams-1.2.1.jar:/Users/ai/Work/App/mvn-repository/org/reactivestreams/reactive-streams/1.0.3/reactive-streams-1.0.3.jar:/Users/ai/Work/App/mvn-repository/org/springframework/cloud/spring-cloud-sleuth-zipkin/2.2.6.RELEASE/spring-cloud-sleuth-zipkin-2.2.6.RELEASE.jar:/Users/ai/Work/App/mvn-repository/org/springframework/cloud/spring-cloud-sleuth-core/2.2.6.RELEASE/spring-cloud-sleuth-core-2.2.6.RELEASE.jar:/Users/ai/Work/App/mvn-repository/org/springframework/spring-context/5.2.12.RELEASE/spring-context-5.2.12.RELEASE.jar:/Users/ai/Work/App/mvn-repository/org/aspectj/aspectjrt/1.9.4/aspectjrt-1.9.4.jar:/Users/ai/Work/App/mvn-repository/io/zipkin/brave/brave/5.12.7/brave-5.12.7.jar:/Users/ai/Work/App/mvn-repository/io/zipkin/brave/brave-context-slf4j/5.12.7/brave-context-slf4j-5.12.7.jar:/Users/ai/Work/App/mvn-repository/io/zipkin/brave/brave-instrumentation-messaging/5.12.7/brave-instrumentation-messaging-5.12.7.jar:/Users/ai/Work/App/mvn-repository/io/zipkin/brave/brave-instrumentation-rpc/5.12.7/brave-instrumentation-rpc-5.12.7.jar:/Users/ai/Work/App/mvn-repository/io/zipkin/brave/brave-instrumentation-spring-web/5.12.7/brave-instrumentation-spring-web-5.12.7.jar:/Users/ai/Work/App/mvn-repository/io/zipkin/brave/brave-instrumentation-http/5.12.7/brave-instrumentation-http-5.12.7.jar:/Users/ai/Work/App/mvn-repository/io/zipkin/brave/brave-instrumentation-spring-rabbit/5.12.7/brave-instrumentation-spring-rabbit-5.12.7.jar:/Users/ai/Work/App/mvn-repository/io/zipkin/brave/brave-instrumentation-kafka-clients/5.12.7/brave-instrumentation-kafka-clients-5.12.7.jar:/Users/ai/Work/App/mvn-repository/io/zipkin/brave/brave-instrumentation-kafka-streams/5.12.7/brave-instrumentation-kafka-streams-5.12.7.jar:/Users/ai/Work/App/mvn-repository/io/zipkin/brave/brave-instrumentation-httpclient/5.12.7/brave-instrumentation-httpclient-5.12.7.jar:/Users/ai/Work/App/mvn-repository/io/zipkin/brave/brave-instrumentation-httpasyncclient/5.12.7/brave-instrumentation-httpasyncclient-5.12.7.jar:/Users/ai/Work/App/mvn-repository/io/zipkin/brave/brave-instrumentation-spring-webmvc/5.12.7/brave-instrumentation-spring-webmvc-5.12.7.jar:/Users/ai/Work/App/mvn-repository/io/zipkin/brave/brave-instrumentation-servlet/5.12.7/brave-instrumentation-servlet-5.12.7.jar:/Users/ai/Work/App/mvn-repository/io/zipkin/brave/brave-instrumentation-jms/5.12.7/brave-instrumentation-jms-5.12.7.jar:/Users/ai/Work/App/mvn-repository/io/zipkin/reporter2/zipkin-reporter-metrics-micrometer/2.15.2/zipkin-reporter-metrics-micrometer-2.15.2.jar:/Users/ai/Work/App/mvn-repository/org/springframework/spring-web/5.2.12.RELEASE/spring-web-5.2.12.RELEASE.jar:/Users/ai/Work/App/mvn-repository/org/springframework/spring-beans/5.2.12.RELEASE/spring-beans-5.2.12.RELEASE.jar:/Users/ai/Work/App/mvn-repository/org/springframework/cloud/spring-cloud-commons/2.2.6.RELEASE/spring-cloud-commons-2.2.6.RELEASE.jar:/Users/ai/Work/App/mvn-repository/org/springframework/security/spring-security-crypto/5.3.6.RELEASE/spring-security-crypto-5.3.6.RELEASE.jar:/Users/ai/Work/App/mvn-repository/io/zipkin/zipkin2/zipkin/2.21.7/zipkin-2.21.7.jar:/Users/ai/Work/App/mvn-repository/io/zipkin/reporter2/zipkin-reporter/2.15.2/zipkin-reporter-2.15.2.jar:/Users/ai/Work/App/mvn-repository/io/zipkin/reporter2/zipkin-reporter-brave/2.15.2/zipkin-reporter-brave-2.15.2.jar:/Users/ai/Work/App/mvn-repository/io/zipkin/reporter2/zipkin-sender-kafka/2.15.2/zipkin-sender-kafka-2.15.2.jar:/Users/ai/Work/App/mvn-repository/io/zipkin/reporter2/zipkin-sender-activemq-client/2.15.2/zipkin-sender-activemq-client-2.15.2.jar:/Users/ai/Work/App/mvn-repository/io/zipkin/reporter2/zipkin-sender-amqp-client/2.15.2/zipkin-sender-amqp-client-2.15.2.jar:"/>
    <property name="java.vm.vendor" value="Oracle Corporation"/>
    <property name="sun.arch.data.model" value="64"/>
    <property name="java.vendor.url" value="http://java.oracle.com/"/>
    <property name="user.timezone" value=""/>
    <property name="java.vm.specification.version" value="11"/>
    <property name="os.name" value="Mac OS X"/>
    <property name="sun.java.launcher" value="SUN_STANDARD"/>
    <property name="user.country" value="CN"/>
    <property name="sun.boot.library.path" value="/Library/Java/JavaVirtualMachines/jdk-11.0.5.jdk/Contents/Home/lib"/>
    <property name="sun.java.command" value="/Users/ai/Work/Code/Java/specialrooter-parent5.7.0/plus-mybatis-plus/target/surefire/surefirebooter86127167565080035.jar /Users/ai/Work/Code/Java/specialrooter-parent5.7.0/plus-mybatis-plus/target/surefire 2021-07-19T14-45-06_589-jvmRun1 surefire542205000584819906tmp surefire_0787371064240788536tmp"/>
    <property name="jdk.debug" value="release"/>
    <property name="surefire.test.class.path" value="/Users/ai/Work/Code/Java/specialrooter-parent5.7.0/plus-mybatis-plus/target/test-classes:/Users/ai/Work/Code/Java/specialrooter-parent5.7.0/plus-mybatis-plus/target/classes:/Users/ai/Work/App/mvn-repository/io/specialrooter/basic/5.7.0-SNAPSHOT/basic-5.7.0-SNAPSHOT.jar:/Users/ai/Work/App/mvn-repository/org/springframework/boot/spring-boot-starter-web/2.3.8.RELEASE/spring-boot-starter-web-2.3.8.RELEASE.jar:/Users/ai/Work/App/mvn-repository/org/springframework/boot/spring-boot-starter-json/2.3.8.RELEASE/spring-boot-starter-json-2.3.8.RELEASE.jar:/Users/ai/Work/App/mvn-repository/com/fasterxml/jackson/datatype/jackson-datatype-jdk8/2.11.4/jackson-datatype-jdk8-2.11.4.jar:/Users/ai/Work/App/mvn-repository/com/fasterxml/jackson/datatype/jackson-datatype-jsr310/2.11.4/jackson-datatype-jsr310-2.11.4.jar:/Users/ai/Work/App/mvn-repository/com/fasterxml/jackson/module/jackson-module-parameter-names/2.11.4/jackson-module-parameter-names-2.11.4.jar:/Users/ai/Work/App/mvn-repository/org/springframework/boot/spring-boot-starter-tomcat/2.3.8.RELEASE/spring-boot-starter-tomcat-2.3.8.RELEASE.jar:/Users/ai/Work/App/mvn-repository/org/apache/tomcat/embed/tomcat-embed-core/9.0.41/tomcat-embed-core-9.0.41.jar:/Users/ai/Work/App/mvn-repository/org/glassfish/jakarta.el/3.0.3/jakarta.el-3.0.3.jar:/Users/ai/Work/App/mvn-repository/org/apache/tomcat/embed/tomcat-embed-websocket/9.0.41/tomcat-embed-websocket-9.0.41.jar:/Users/ai/Work/App/mvn-repository/org/springframework/spring-webmvc/5.2.12.RELEASE/spring-webmvc-5.2.12.RELEASE.jar:/Users/ai/Work/App/mvn-repository/org/springframework/spring-expression/5.2.12.RELEASE/spring-expression-5.2.12.RELEASE.jar:/Users/ai/Work/App/mvn-repository/org/projectlombok/lombok/1.18.8/lombok-1.18.8.jar:/Users/ai/Work/App/mvn-repository/mysql/mysql-connector-java/8.0.18/mysql-connector-java-8.0.18.jar:/Users/ai/Work/App/mvn-repository/com/baomidou/mybatis-plus-boot-starter/3.4.2/mybatis-plus-boot-starter-3.4.2.jar:/Users/ai/Work/App/mvn-repository/com/baomidou/mybatis-plus/3.4.2/mybatis-plus-3.4.2.jar:/Users/ai/Work/App/mvn-repository/org/springframework/boot/spring-boot-autoconfigure/2.3.8.RELEASE/spring-boot-autoconfigure-2.3.8.RELEASE.jar:/Users/ai/Work/App/mvn-repository/org/springframework/boot/spring-boot-starter-jdbc/2.3.8.RELEASE/spring-boot-starter-jdbc-2.3.8.RELEASE.jar:/Users/ai/Work/App/mvn-repository/com/zaxxer/HikariCP/3.4.5/HikariCP-3.4.5.jar:/Users/ai/Work/App/mvn-repository/org/springframework/spring-jdbc/5.2.12.RELEASE/spring-jdbc-5.2.12.RELEASE.jar:/Users/ai/Work/App/mvn-repository/io/springfox/springfox-swagger2/2.9.2/springfox-swagger2-2.9.2.jar:/Users/ai/Work/App/mvn-repository/io/swagger/swagger-annotations/1.5.20/swagger-annotations-1.5.20.jar:/Users/ai/Work/App/mvn-repository/io/swagger/swagger-models/1.5.20/swagger-models-1.5.20.jar:/Users/ai/Work/App/mvn-repository/io/springfox/springfox-spi/2.9.2/springfox-spi-2.9.2.jar:/Users/ai/Work/App/mvn-repository/io/springfox/springfox-core/2.9.2/springfox-core-2.9.2.jar:/Users/ai/Work/App/mvn-repository/net/bytebuddy/byte-buddy/1.10.19/byte-buddy-1.10.19.jar:/Users/ai/Work/App/mvn-repository/io/springfox/springfox-schema/2.9.2/springfox-schema-2.9.2.jar:/Users/ai/Work/App/mvn-repository/io/springfox/springfox-swagger-common/2.9.2/springfox-swagger-common-2.9.2.jar:/Users/ai/Work/App/mvn-repository/io/springfox/springfox-spring-web/2.9.2/springfox-spring-web-2.9.2.jar:/Users/ai/Work/App/mvn-repository/com/fasterxml/classmate/1.5.1/classmate-1.5.1.jar:/Users/ai/Work/App/mvn-repository/org/slf4j/slf4j-api/1.7.30/slf4j-api-1.7.30.jar:/Users/ai/Work/App/mvn-repository/org/springframework/plugin/spring-plugin-core/1.2.0.RELEASE/spring-plugin-core-1.2.0.RELEASE.jar:/Users/ai/Work/App/mvn-repository/org/springframework/plugin/spring-plugin-metadata/1.2.0.RELEASE/spring-plugin-metadata-1.2.0.RELEASE.jar:/Users/ai/Work/App/mvn-repository/org/mapstruct/mapstruct/1.2.0.Final/mapstruct-1.2.0.Final.jar:/Users/ai/Work/App/mvn-repository/com/baomidou/mybatis-plus-generator/3.4.0/mybatis-plus-generator-3.4.0.jar:/Users/ai/Work/App/mvn-repository/com/baomidou/mybatis-plus-extension/3.4.2/mybatis-plus-extension-3.4.2.jar:/Users/ai/Work/App/mvn-repository/com/baomidou/mybatis-plus-core/3.4.2/mybatis-plus-core-3.4.2.jar:/Users/ai/Work/App/mvn-repository/com/baomidou/mybatis-plus-annotation/3.4.2/mybatis-plus-annotation-3.4.2.jar:/Users/ai/Work/App/mvn-repository/com/github/jsqlparser/jsqlparser/4.0/jsqlparser-4.0.jar:/Users/ai/Work/App/mvn-repository/org/mybatis/mybatis/3.5.6/mybatis-3.5.6.jar:/Users/ai/Work/App/mvn-repository/org/mybatis/mybatis-spring/2.0.5/mybatis-spring-2.0.5.jar:/Users/ai/Work/App/mvn-repository/io/specialrooter/security/5.7.0-SNAPSHOT/security-5.7.0-SNAPSHOT.jar:/Users/ai/Work/App/mvn-repository/io/specialrooter/utils/5.7.0-SNAPSHOT/utils-5.7.0-SNAPSHOT.jar:/Users/ai/Work/App/mvn-repository/org/freemarker/freemarker/2.3.30/freemarker-2.3.30.jar:/Users/ai/Work/App/mvn-repository/com/google/guava/guava/29.0-jre/guava-29.0-jre.jar:/Users/ai/Work/App/mvn-repository/com/google/guava/failureaccess/1.0.1/failureaccess-1.0.1.jar:/Users/ai/Work/App/mvn-repository/com/google/guava/listenablefuture/9999.0-empty-to-avoid-conflict-with-guava/listenablefuture-9999.0-empty-to-avoid-conflict-with-guava.jar:/Users/ai/Work/App/mvn-repository/com/google/code/findbugs/jsr305/3.0.2/jsr305-3.0.2.jar:/Users/ai/Work/App/mvn-repository/org/checkerframework/checker-qual/2.11.1/checker-qual-2.11.1.jar:/Users/ai/Work/App/mvn-repository/com/google/errorprone/error_prone_annotations/2.3.4/error_prone_annotations-2.3.4.jar:/Users/ai/Work/App/mvn-repository/com/google/j2objc/j2objc-annotations/1.3/j2objc-annotations-1.3.jar:/Users/ai/Work/App/mvn-repository/com/alibaba/fastjson/1.2.76/fastjson-1.2.76.jar:/Users/ai/Work/App/mvn-repository/org/apache/commons/commons-lang3/3.10/commons-lang3-3.10.jar:/Users/ai/Work/App/mvn-repository/cn/afterturn/easypoi-spring-boot-starter/4.1.3/easypoi-spring-boot-starter-4.1.3.jar:/Users/ai/Work/App/mvn-repository/cn/afterturn/easypoi-web/4.1.3/easypoi-web-4.1.3.jar:/Users/ai/Work/App/mvn-repository/cn/afterturn/easypoi-base/4.1.3/easypoi-base-4.1.3.jar:/Users/ai/Work/App/mvn-repository/org/apache/poi/poi/4.1.0/poi-4.1.0.jar:/Users/ai/Work/App/mvn-repository/org/apache/commons/commons-collections4/4.3/commons-collections4-4.3.jar:/Users/ai/Work/App/mvn-repository/org/apache/commons/commons-math3/3.6.1/commons-math3-3.6.1.jar:/Users/ai/Work/App/mvn-repository/org/apache/poi/poi-ooxml/4.1.0/poi-ooxml-4.1.0.jar:/Users/ai/Work/App/mvn-repository/org/apache/commons/commons-compress/1.18/commons-compress-1.18.jar:/Users/ai/Work/App/mvn-repository/com/github/virtuald/curvesapi/1.06/curvesapi-1.06.jar:/Users/ai/Work/App/mvn-repository/org/apache/poi/poi-ooxml-schemas/4.1.0/poi-ooxml-schemas-4.1.0.jar:/Users/ai/Work/App/mvn-repository/org/apache/xmlbeans/xmlbeans/3.1.0/xmlbeans-3.1.0.jar:/Users/ai/Work/App/mvn-repository/ognl/ognl/3.2.6/ognl-3.2.6.jar:/Users/ai/Work/App/mvn-repository/org/javassist/javassist/3.20.0-GA/javassist-3.20.0-GA.jar:/Users/ai/Work/App/mvn-repository/javax/validation/validation-api/2.0.1.Final/validation-api-2.0.1.Final.jar:/Users/ai/Work/App/mvn-repository/cn/afterturn/easypoi-annotation/4.1.3/easypoi-annotation-4.1.3.jar:/Users/ai/Work/App/mvn-repository/dom4j/dom4j/1.6.1/dom4j-1.6.1.jar:/Users/ai/Work/App/mvn-repository/xml-apis/xml-apis/1.0.b2/xml-apis-1.0.b2.jar:/Users/ai/Work/App/mvn-repository/com/alipay/sdk/alipay-sdk-java/3.7.26.ALL/alipay-sdk-java-3.7.26.ALL.jar:/Users/ai/Work/App/mvn-repository/commons-logging/commons-logging/1.2/commons-logging-1.2.jar:/Users/ai/Work/App/mvn-repository/cglib/cglib/3.3.0/cglib-3.3.0.jar:/Users/ai/Work/App/mvn-repository/org/ow2/asm/asm/7.1/asm-7.1.jar:/Users/ai/Work/App/mvn-repository/io/specialrooter/http/5.7.0-SNAPSHOT/http-5.7.0-SNAPSHOT.jar:/Users/ai/Work/App/mvn-repository/org/apache/httpcomponents/httpclient/4.5.13/httpclient-4.5.13.jar:/Users/ai/Work/App/mvn-repository/org/apache/httpcomponents/httpcore/4.4.14/httpcore-4.4.14.jar:/Users/ai/Work/App/mvn-repository/commons-codec/commons-codec/1.14/commons-codec-1.14.jar:/Users/ai/Work/App/mvn-repository/commons-io/commons-io/2.8.0/commons-io-2.8.0.jar:/Users/ai/Work/App/mvn-repository/org/bouncycastle/bcprov-jdk15on/1.64/bcprov-jdk15on-1.64.jar:/Users/ai/Work/App/mvn-repository/io/specialrooter/bean/5.7.0-SNAPSHOT/bean-5.7.0-SNAPSHOT.jar:/Users/ai/Work/App/mvn-repository/com/nimbusds/nimbus-jose-jwt/4.41.1/nimbus-jose-jwt-4.41.1.jar:/Users/ai/Work/App/mvn-repository/com/github/stephenc/jcip/jcip-annotations/1.0-1/jcip-annotations-1.0-1.jar:/Users/ai/Work/App/mvn-repository/net/minidev/json-smart/2.3/json-smart-2.3.jar:/Users/ai/Work/App/mvn-repository/net/minidev/accessors-smart/1.2/accessors-smart-1.2.jar:/Users/ai/Work/App/mvn-repository/org/springframework/boot/spring-boot-starter-data-redis/2.3.8.RELEASE/spring-boot-starter-data-redis-2.3.8.RELEASE.jar:/Users/ai/Work/App/mvn-repository/org/springframework/boot/spring-boot-starter/2.3.8.RELEASE/spring-boot-starter-2.3.8.RELEASE.jar:/Users/ai/Work/App/mvn-repository/org/springframework/boot/spring-boot/2.3.8.RELEASE/spring-boot-2.3.8.RELEASE.jar:/Users/ai/Work/App/mvn-repository/org/springframework/boot/spring-boot-starter-logging/2.3.8.RELEASE/spring-boot-starter-logging-2.3.8.RELEASE.jar:/Users/ai/Work/App/mvn-repository/ch/qos/logback/logback-classic/1.2.3/logback-classic-1.2.3.jar:/Users/ai/Work/App/mvn-repository/ch/qos/logback/logback-core/1.2.3/logback-core-1.2.3.jar:/Users/ai/Work/App/mvn-repository/org/apache/logging/log4j/log4j-to-slf4j/2.13.3/log4j-to-slf4j-2.13.3.jar:/Users/ai/Work/App/mvn-repository/org/apache/logging/log4j/log4j-api/2.13.3/log4j-api-2.13.3.jar:/Users/ai/Work/App/mvn-repository/org/slf4j/jul-to-slf4j/1.7.30/jul-to-slf4j-1.7.30.jar:/Users/ai/Work/App/mvn-repository/jakarta/annotation/jakarta.annotation-api/1.3.5/jakarta.annotation-api-1.3.5.jar:/Users/ai/Work/App/mvn-repository/org/springframework/spring-core/5.2.12.RELEASE/spring-core-5.2.12.RELEASE.jar:/Users/ai/Work/App/mvn-repository/org/springframework/spring-jcl/5.2.12.RELEASE/spring-jcl-5.2.12.RELEASE.jar:/Users/ai/Work/App/mvn-repository/org/yaml/snakeyaml/1.26/snakeyaml-1.26.jar:/Users/ai/Work/App/mvn-repository/org/springframework/data/spring-data-redis/2.3.6.RELEASE/spring-data-redis-2.3.6.RELEASE.jar:/Users/ai/Work/App/mvn-repository/org/springframework/data/spring-data-keyvalue/2.3.6.RELEASE/spring-data-keyvalue-2.3.6.RELEASE.jar:/Users/ai/Work/App/mvn-repository/org/springframework/data/spring-data-commons/2.3.6.RELEASE/spring-data-commons-2.3.6.RELEASE.jar:/Users/ai/Work/App/mvn-repository/org/springframework/spring-tx/5.2.12.RELEASE/spring-tx-5.2.12.RELEASE.jar:/Users/ai/Work/App/mvn-repository/org/springframework/spring-oxm/5.2.12.RELEASE/spring-oxm-5.2.12.RELEASE.jar:/Users/ai/Work/App/mvn-repository/org/springframework/spring-aop/5.2.12.RELEASE/spring-aop-5.2.12.RELEASE.jar:/Users/ai/Work/App/mvn-repository/org/springframework/spring-context-support/5.2.12.RELEASE/spring-context-support-5.2.12.RELEASE.jar:/Users/ai/Work/App/mvn-repository/io/lettuce/lettuce-core/5.3.6.RELEASE/lettuce-core-5.3.6.RELEASE.jar:/Users/ai/Work/App/mvn-repository/io/netty/netty-common/4.1.58.Final/netty-common-4.1.58.Final.jar:/Users/ai/Work/App/mvn-repository/io/netty/netty-handler/4.1.58.Final/netty-handler-4.1.58.Final.jar:/Users/ai/Work/App/mvn-repository/io/netty/netty-resolver/4.1.58.Final/netty-resolver-4.1.58.Final.jar:/Users/ai/Work/App/mvn-repository/io/netty/netty-buffer/4.1.58.Final/netty-buffer-4.1.58.Final.jar:/Users/ai/Work/App/mvn-repository/io/netty/netty-codec/4.1.58.Final/netty-codec-4.1.58.Final.jar:/Users/ai/Work/App/mvn-repository/io/netty/netty-transport/4.1.58.Final/netty-transport-4.1.58.Final.jar:/Users/ai/Work/App/mvn-repository/io/projectreactor/reactor-core/3.3.13.RELEASE/reactor-core-3.3.13.RELEASE.jar:/Users/ai/Work/App/mvn-repository/org/springframework/cloud/spring-cloud-starter-netflix-hystrix/2.2.6.RELEASE/spring-cloud-starter-netflix-hystrix-2.2.6.RELEASE.jar:/Users/ai/Work/App/mvn-repository/org/springframework/cloud/spring-cloud-starter/2.2.6.RELEASE/spring-cloud-starter-2.2.6.RELEASE.jar:/Users/ai/Work/App/mvn-repository/org/springframework/cloud/spring-cloud-context/2.2.6.RELEASE/spring-cloud-context-2.2.6.RELEASE.jar:/Users/ai/Work/App/mvn-repository/org/springframework/security/spring-security-rsa/1.0.9.RELEASE/spring-security-rsa-1.0.9.RELEASE.jar:/Users/ai/Work/App/mvn-repository/org/bouncycastle/bcpkix-jdk15on/1.64/bcpkix-jdk15on-1.64.jar:/Users/ai/Work/App/mvn-repository/org/springframework/cloud/spring-cloud-netflix-hystrix/2.2.6.RELEASE/spring-cloud-netflix-hystrix-2.2.6.RELEASE.jar:/Users/ai/Work/App/mvn-repository/org/springframework/boot/spring-boot-starter-aop/2.3.8.RELEASE/spring-boot-starter-aop-2.3.8.RELEASE.jar:/Users/ai/Work/App/mvn-repository/org/springframework/cloud/spring-cloud-netflix-ribbon/2.2.6.RELEASE/spring-cloud-netflix-ribbon-2.2.6.RELEASE.jar:/Users/ai/Work/App/mvn-repository/org/springframework/cloud/spring-cloud-netflix-archaius/2.2.6.RELEASE/spring-cloud-netflix-archaius-2.2.6.RELEASE.jar:/Users/ai/Work/App/mvn-repository/org/springframework/cloud/spring-cloud-starter-netflix-archaius/2.2.6.RELEASE/spring-cloud-starter-netflix-archaius-2.2.6.RELEASE.jar:/Users/ai/Work/App/mvn-repository/com/netflix/archaius/archaius-core/0.7.6/archaius-core-0.7.6.jar:/Users/ai/Work/App/mvn-repository/commons-configuration/commons-configuration/1.8/commons-configuration-1.8.jar:/Users/ai/Work/App/mvn-repository/commons-lang/commons-lang/2.6/commons-lang-2.6.jar:/Users/ai/Work/App/mvn-repository/com/netflix/hystrix/hystrix-core/1.5.18/hystrix-core-1.5.18.jar:/Users/ai/Work/App/mvn-repository/io/reactivex/rxjava/1.3.8/rxjava-1.3.8.jar:/Users/ai/Work/App/mvn-repository/org/hdrhistogram/HdrHistogram/2.1.9/HdrHistogram-2.1.9.jar:/Users/ai/Work/App/mvn-repository/com/netflix/hystrix/hystrix-serialization/1.5.18/hystrix-serialization-1.5.18.jar:/Users/ai/Work/App/mvn-repository/com/fasterxml/jackson/module/jackson-module-afterburner/2.11.4/jackson-module-afterburner-2.11.4.jar:/Users/ai/Work/App/mvn-repository/com/fasterxml/jackson/core/jackson-core/2.11.4/jackson-core-2.11.4.jar:/Users/ai/Work/App/mvn-repository/com/fasterxml/jackson/core/jackson-databind/2.11.4/jackson-databind-2.11.4.jar:/Users/ai/Work/App/mvn-repository/com/fasterxml/jackson/core/jackson-annotations/2.11.4/jackson-annotations-2.11.4.jar:/Users/ai/Work/App/mvn-repository/com/netflix/hystrix/hystrix-metrics-event-stream/1.5.18/hystrix-metrics-event-stream-1.5.18.jar:/Users/ai/Work/App/mvn-repository/com/netflix/hystrix/hystrix-javanica/1.5.18/hystrix-javanica-1.5.18.jar:/Users/ai/Work/App/mvn-repository/org/aspectj/aspectjweaver/1.9.6/aspectjweaver-1.9.6.jar:/Users/ai/Work/App/mvn-repository/io/reactivex/rxjava-reactive-streams/1.2.1/rxjava-reactive-streams-1.2.1.jar:/Users/ai/Work/App/mvn-repository/org/reactivestreams/reactive-streams/1.0.3/reactive-streams-1.0.3.jar:/Users/ai/Work/App/mvn-repository/org/springframework/cloud/spring-cloud-sleuth-zipkin/2.2.6.RELEASE/spring-cloud-sleuth-zipkin-2.2.6.RELEASE.jar:/Users/ai/Work/App/mvn-repository/org/springframework/cloud/spring-cloud-sleuth-core/2.2.6.RELEASE/spring-cloud-sleuth-core-2.2.6.RELEASE.jar:/Users/ai/Work/App/mvn-repository/org/springframework/spring-context/5.2.12.RELEASE/spring-context-5.2.12.RELEASE.jar:/Users/ai/Work/App/mvn-repository/org/aspectj/aspectjrt/1.9.4/aspectjrt-1.9.4.jar:/Users/ai/Work/App/mvn-repository/io/zipkin/brave/brave/5.12.7/brave-5.12.7.jar:/Users/ai/Work/App/mvn-repository/io/zipkin/brave/brave-context-slf4j/5.12.7/brave-context-slf4j-5.12.7.jar:/Users/ai/Work/App/mvn-repository/io/zipkin/brave/brave-instrumentation-messaging/5.12.7/brave-instrumentation-messaging-5.12.7.jar:/Users/ai/Work/App/mvn-repository/io/zipkin/brave/brave-instrumentation-rpc/5.12.7/brave-instrumentation-rpc-5.12.7.jar:/Users/ai/Work/App/mvn-repository/io/zipkin/brave/brave-instrumentation-spring-web/5.12.7/brave-instrumentation-spring-web-5.12.7.jar:/Users/ai/Work/App/mvn-repository/io/zipkin/brave/brave-instrumentation-http/5.12.7/brave-instrumentation-http-5.12.7.jar:/Users/ai/Work/App/mvn-repository/io/zipkin/brave/brave-instrumentation-spring-rabbit/5.12.7/brave-instrumentation-spring-rabbit-5.12.7.jar:/Users/ai/Work/App/mvn-repository/io/zipkin/brave/brave-instrumentation-kafka-clients/5.12.7/brave-instrumentation-kafka-clients-5.12.7.jar:/Users/ai/Work/App/mvn-repository/io/zipkin/brave/brave-instrumentation-kafka-streams/5.12.7/brave-instrumentation-kafka-streams-5.12.7.jar:/Users/ai/Work/App/mvn-repository/io/zipkin/brave/brave-instrumentation-httpclient/5.12.7/brave-instrumentation-httpclient-5.12.7.jar:/Users/ai/Work/App/mvn-repository/io/zipkin/brave/brave-instrumentation-httpasyncclient/5.12.7/brave-instrumentation-httpasyncclient-5.12.7.jar:/Users/ai/Work/App/mvn-repository/io/zipkin/brave/brave-instrumentation-spring-webmvc/5.12.7/brave-instrumentation-spring-webmvc-5.12.7.jar:/Users/ai/Work/App/mvn-repository/io/zipkin/brave/brave-instrumentation-servlet/5.12.7/brave-instrumentation-servlet-5.12.7.jar:/Users/ai/Work/App/mvn-repository/io/zipkin/brave/brave-instrumentation-jms/5.12.7/brave-instrumentation-jms-5.12.7.jar:/Users/ai/Work/App/mvn-repository/io/zipkin/reporter2/zipkin-reporter-metrics-micrometer/2.15.2/zipkin-reporter-metrics-micrometer-2.15.2.jar:/Users/ai/Work/App/mvn-repository/org/springframework/spring-web/5.2.12.RELEASE/spring-web-5.2.12.RELEASE.jar:/Users/ai/Work/App/mvn-repository/org/springframework/spring-beans/5.2.12.RELEASE/spring-beans-5.2.12.RELEASE.jar:/Users/ai/Work/App/mvn-repository/org/springframework/cloud/spring-cloud-commons/2.2.6.RELEASE/spring-cloud-commons-2.2.6.RELEASE.jar:/Users/ai/Work/App/mvn-repository/org/springframework/security/spring-security-crypto/5.3.6.RELEASE/spring-security-crypto-5.3.6.RELEASE.jar:/Users/ai/Work/App/mvn-repository/io/zipkin/zipkin2/zipkin/2.21.7/zipkin-2.21.7.jar:/Users/ai/Work/App/mvn-repository/io/zipkin/reporter2/zipkin-reporter/2.15.2/zipkin-reporter-2.15.2.jar:/Users/ai/Work/App/mvn-repository/io/zipkin/reporter2/zipkin-reporter-brave/2.15.2/zipkin-reporter-brave-2.15.2.jar:/Users/ai/Work/App/mvn-repository/io/zipkin/reporter2/zipkin-sender-kafka/2.15.2/zipkin-sender-kafka-2.15.2.jar:/Users/ai/Work/App/mvn-repository/io/zipkin/reporter2/zipkin-sender-activemq-client/2.15.2/zipkin-sender-activemq-client-2.15.2.jar:/Users/ai/Work/App/mvn-repository/io/zipkin/reporter2/zipkin-sender-amqp-client/2.15.2/zipkin-sender-amqp-client-2.15.2.jar:"/>
    <property name="sun.cpu.endian" value="little"/>
    <property name="user.home" value="/Users/ai"/>
    <property name="user.language" value="zh"/>
    <property name="java.specification.vendor" value="Oracle Corporation"/>
    <property name="java.version.date" value="2019-10-15"/>
    <property name="java.home" value="/Library/Java/JavaVirtualMachines/jdk-11.0.5.jdk/Contents/Home"/>
    <property name="file.separator" value="/"/>
    <property name="basedir" value="/Users/ai/Work/Code/Java/specialrooter-parent5.7.0/plus-mybatis-plus"/>
    <property name="java.vm.compressedOopsMode" value="Zero based"/>
    <property name="line.separator" value="&#10;"/>
    <property name="java.specification.name" value="Java Platform API Specification"/>
    <property name="java.vm.specification.vendor" value="Oracle Corporation"/>
    <property name="java.awt.graphicsenv" value="sun.awt.CGraphicsEnvironment"/>
    <property name="surefire.real.class.path" value="/Users/ai/Work/Code/Java/specialrooter-parent5.7.0/plus-mybatis-plus/target/surefire/surefirebooter86127167565080035.jar"/>
    <property name="user.script" value="Hans"/>
    <property name="sun.management.compiler" value="HotSpot 64-Bit Tiered Compilers"/>
    <property name="java.runtime.version" value="11.0.5+10-LTS"/>
    <property name="user.name" value="ai"/>
    <property name="path.separator" value=":"/>
    <property name="os.version" value="10.16"/>
    <property name="java.runtime.name" value="Java(TM) SE Runtime Environment"/>
    <property name="file.encoding" value="UTF-8"/>
    <property name="java.vm.name" value="Java HotSpot(TM) 64-Bit Server VM"/>
    <property name="java.vendor.version" value="18.9"/>
    <property name="localRepository" value="/Users/ai/Work/App/mvn-repository"/>
    <property name="java.vendor.url.bug" value="http://bugreport.java.com/bugreport/"/>
    <property name="java.io.tmpdir" value="/var/folders/51/s3hg4vgs2s1bcxlvjgpdj4840000gn/T/"/>
    <property name="idea.version" value="2020.2.4"/>
    <property name="java.version" value="11.0.5"/>
    <property name="user.dir" value="/Users/ai/Work/Code/Java/specialrooter-parent5.7.0/plus-mybatis-plus"/>
    <property name="os.arch" value="x86_64"/>
    <property name="java.vm.specification.name" value="Java Virtual Machine Specification"/>
    <property name="java.awt.printerjob" value="sun.lwawt.macosx.CPrinterJob"/>
    <property name="sun.os.patch.level" value="unknown"/>
    <property name="java.library.path" value="/Users/ai/Library/Java/Extensions:/Library/Java/Extensions:/Network/Library/Java/Extensions:/System/Library/Java/Extensions:/usr/lib/java:."/>
    <property name="java.vendor" value="Oracle Corporation"/>
    <property name="java.vm.info" value="mixed mode"/>
    <property name="java.vm.version" value="11.0.5+10-LTS"/>
    <property name="sun.io.unicode.encoding" value="UnicodeBig"/>
    <property name="java.class.version" value="55.0"/>
  </properties>
</testsuite>