<?xml version="1.0" encoding="UTF-8"?>
<testsuite xmlns:xsi="http://www.w3.org/2001/XMLSchema-instance" xsi:noNamespaceSchemaLocation="https://maven.apache.org/surefire/maven-surefire-plugin/xsd/surefire-test-report.xsd" name="io.specialrooter.TestMessageResponse" time="0.005" tests="0" errors="0" skipped="0" failures="0">
  <properties>
    <property name="gopherProxySet" value="false"/>
    <property name="awt.toolkit" value="sun.lwawt.macosx.LWCToolkit"/>
    <property name="java.specification.version" value="11"/>
    <property name="sun.cpu.isalist" value=""/>
    <property name="sun.jnu.encoding" value="UTF-8"/>
    <property name="java.class.path" value="/Users/ai/Work/Code/Java/specialrooter-parent5.7.0/bean/target/test-classes:/Users/ai/Work/Code/Java/specialrooter-parent5.7.0/bean/target/classes:/Users/ai/Work/Code/Java/specialrooter-parent5.7.0/basic/target/basic-5.7.0-SNAPSHOT.jar:/Users/ai/Work/App/mvn-repository/org/springframework/boot/spring-boot-starter-web/2.3.8.RELEASE/spring-boot-starter-web-2.3.8.RELEASE.jar:/Users/ai/Work/App/mvn-repository/org/springframework/boot/spring-boot-starter/2.3.8.RELEASE/spring-boot-starter-2.3.8.RELEASE.jar:/Users/ai/Work/App/mvn-repository/org/springframework/boot/spring-boot/2.3.8.RELEASE/spring-boot-2.3.8.RELEASE.jar:/Users/ai/Work/App/mvn-repository/org/springframework/boot/spring-boot-starter-logging/2.3.8.RELEASE/spring-boot-starter-logging-2.3.8.RELEASE.jar:/Users/ai/Work/App/mvn-repository/ch/qos/logback/logback-classic/1.2.3/logback-classic-1.2.3.jar:/Users/ai/Work/App/mvn-repository/ch/qos/logback/logback-core/1.2.3/logback-core-1.2.3.jar:/Users/ai/Work/App/mvn-repository/org/apache/logging/log4j/log4j-to-slf4j/2.13.3/log4j-to-slf4j-2.13.3.jar:/Users/ai/Work/App/mvn-repository/org/apache/logging/log4j/log4j-api/2.13.3/log4j-api-2.13.3.jar:/Users/ai/Work/App/mvn-repository/org/slf4j/jul-to-slf4j/1.7.30/jul-to-slf4j-1.7.30.jar:/Users/ai/Work/App/mvn-repository/jakarta/annotation/jakarta.annotation-api/1.3.5/jakarta.annotation-api-1.3.5.jar:/Users/ai/Work/App/mvn-repository/org/springframework/spring-core/5.2.12.RELEASE/spring-core-5.2.12.RELEASE.jar:/Users/ai/Work/App/mvn-repository/org/springframework/spring-jcl/5.2.12.RELEASE/spring-jcl-5.2.12.RELEASE.jar:/Users/ai/Work/App/mvn-repository/org/yaml/snakeyaml/1.26/snakeyaml-1.26.jar:/Users/ai/Work/App/mvn-repository/org/springframework/boot/spring-boot-starter-json/2.3.8.RELEASE/spring-boot-starter-json-2.3.8.RELEASE.jar:/Users/ai/Work/App/mvn-repository/com/fasterxml/jackson/core/jackson-databind/2.11.4/jackson-databind-2.11.4.jar:/Users/ai/Work/App/mvn-repository/com/fasterxml/jackson/core/jackson-core/2.11.4/jackson-core-2.11.4.jar:/Users/ai/Work/App/mvn-repository/com/fasterxml/jackson/datatype/jackson-datatype-jdk8/2.11.4/jackson-datatype-jdk8-2.11.4.jar:/Users/ai/Work/App/mvn-repository/com/fasterxml/jackson/datatype/jackson-datatype-jsr310/2.11.4/jackson-datatype-jsr310-2.11.4.jar:/Users/ai/Work/App/mvn-repository/com/fasterxml/jackson/module/jackson-module-parameter-names/2.11.4/jackson-module-parameter-names-2.11.4.jar:/Users/ai/Work/App/mvn-repository/org/springframework/boot/spring-boot-starter-tomcat/2.3.8.RELEASE/spring-boot-starter-tomcat-2.3.8.RELEASE.jar:/Users/ai/Work/App/mvn-repository/org/apache/tomcat/embed/tomcat-embed-core/9.0.41/tomcat-embed-core-9.0.41.jar:/Users/ai/Work/App/mvn-repository/org/glassfish/jakarta.el/3.0.3/jakarta.el-3.0.3.jar:/Users/ai/Work/App/mvn-repository/org/apache/tomcat/embed/tomcat-embed-websocket/9.0.41/tomcat-embed-websocket-9.0.41.jar:/Users/ai/Work/App/mvn-repository/org/springframework/spring-web/5.2.12.RELEASE/spring-web-5.2.12.RELEASE.jar:/Users/ai/Work/App/mvn-repository/org/springframework/spring-beans/5.2.12.RELEASE/spring-beans-5.2.12.RELEASE.jar:/Users/ai/Work/App/mvn-repository/org/springframework/spring-webmvc/5.2.12.RELEASE/spring-webmvc-5.2.12.RELEASE.jar:/Users/ai/Work/App/mvn-repository/org/springframework/spring-aop/5.2.12.RELEASE/spring-aop-5.2.12.RELEASE.jar:/Users/ai/Work/App/mvn-repository/org/springframework/spring-context/5.2.12.RELEASE/spring-context-5.2.12.RELEASE.jar:/Users/ai/Work/App/mvn-repository/org/springframework/spring-expression/5.2.12.RELEASE/spring-expression-5.2.12.RELEASE.jar:/Users/ai/Work/App/mvn-repository/org/projectlombok/lombok/1.18.8/lombok-1.18.8.jar:/Users/ai/Work/App/mvn-repository/mysql/mysql-connector-java/8.0.18/mysql-connector-java-8.0.18.jar:/Users/ai/Work/App/mvn-repository/com/baomidou/mybatis-plus-boot-starter/3.4.2/mybatis-plus-boot-starter-3.4.2.jar:/Users/ai/Work/App/mvn-repository/com/baomidou/mybatis-plus/3.4.2/mybatis-plus-3.4.2.jar:/Users/ai/Work/App/mvn-repository/com/baomidou/mybatis-plus-extension/3.4.2/mybatis-plus-extension-3.4.2.jar:/Users/ai/Work/App/mvn-repository/com/baomidou/mybatis-plus-core/3.4.2/mybatis-plus-core-3.4.2.jar:/Users/ai/Work/App/mvn-repository/com/baomidou/mybatis-plus-annotation/3.4.2/mybatis-plus-annotation-3.4.2.jar:/Users/ai/Work/App/mvn-repository/com/github/jsqlparser/jsqlparser/4.0/jsqlparser-4.0.jar:/Users/ai/Work/App/mvn-repository/org/mybatis/mybatis/3.5.6/mybatis-3.5.6.jar:/Users/ai/Work/App/mvn-repository/org/mybatis/mybatis-spring/2.0.5/mybatis-spring-2.0.5.jar:/Users/ai/Work/App/mvn-repository/org/springframework/boot/spring-boot-autoconfigure/2.3.8.RELEASE/spring-boot-autoconfigure-2.3.8.RELEASE.jar:/Users/ai/Work/App/mvn-repository/org/springframework/boot/spring-boot-starter-jdbc/2.3.8.RELEASE/spring-boot-starter-jdbc-2.3.8.RELEASE.jar:/Users/ai/Work/App/mvn-repository/com/zaxxer/HikariCP/3.4.5/HikariCP-3.4.5.jar:/Users/ai/Work/App/mvn-repository/org/springframework/spring-jdbc/5.2.12.RELEASE/spring-jdbc-5.2.12.RELEASE.jar:/Users/ai/Work/App/mvn-repository/org/springframework/spring-tx/5.2.12.RELEASE/spring-tx-5.2.12.RELEASE.jar:/Users/ai/Work/App/mvn-repository/io/springfox/springfox-swagger2/2.9.2/springfox-swagger2-2.9.2.jar:/Users/ai/Work/App/mvn-repository/io/swagger/swagger-annotations/1.5.20/swagger-annotations-1.5.20.jar:/Users/ai/Work/App/mvn-repository/io/swagger/swagger-models/1.5.20/swagger-models-1.5.20.jar:/Users/ai/Work/App/mvn-repository/com/fasterxml/jackson/core/jackson-annotations/2.11.4/jackson-annotations-2.11.4.jar:/Users/ai/Work/App/mvn-repository/io/springfox/springfox-spi/2.9.2/springfox-spi-2.9.2.jar:/Users/ai/Work/App/mvn-repository/io/springfox/springfox-core/2.9.2/springfox-core-2.9.2.jar:/Users/ai/Work/App/mvn-repository/net/bytebuddy/byte-buddy/1.10.19/byte-buddy-1.10.19.jar:/Users/ai/Work/App/mvn-repository/io/springfox/springfox-schema/2.9.2/springfox-schema-2.9.2.jar:/Users/ai/Work/App/mvn-repository/io/springfox/springfox-swagger-common/2.9.2/springfox-swagger-common-2.9.2.jar:/Users/ai/Work/App/mvn-repository/io/springfox/springfox-spring-web/2.9.2/springfox-spring-web-2.9.2.jar:/Users/ai/Work/App/mvn-repository/com/google/guava/guava/29.0-jre/guava-29.0-jre.jar:/Users/ai/Work/App/mvn-repository/com/google/guava/failureaccess/1.0.1/failureaccess-1.0.1.jar:/Users/ai/Work/App/mvn-repository/com/google/guava/listenablefuture/9999.0-empty-to-avoid-conflict-with-guava/listenablefuture-9999.0-empty-to-avoid-conflict-with-guava.jar:/Users/ai/Work/App/mvn-repository/com/google/code/findbugs/jsr305/3.0.2/jsr305-3.0.2.jar:/Users/ai/Work/App/mvn-repository/org/checkerframework/checker-qual/2.11.1/checker-qual-2.11.1.jar:/Users/ai/Work/App/mvn-repository/com/google/errorprone/error_prone_annotations/2.3.4/error_prone_annotations-2.3.4.jar:/Users/ai/Work/App/mvn-repository/com/google/j2objc/j2objc-annotations/1.3/j2objc-annotations-1.3.jar:/Users/ai/Work/App/mvn-repository/com/fasterxml/classmate/1.5.1/classmate-1.5.1.jar:/Users/ai/Work/App/mvn-repository/org/slf4j/slf4j-api/1.7.30/slf4j-api-1.7.30.jar:/Users/ai/Work/App/mvn-repository/org/springframework/plugin/spring-plugin-core/1.2.0.RELEASE/spring-plugin-core-1.2.0.RELEASE.jar:/Users/ai/Work/App/mvn-repository/org/springframework/plugin/spring-plugin-metadata/1.2.0.RELEASE/spring-plugin-metadata-1.2.0.RELEASE.jar:/Users/ai/Work/App/mvn-repository/org/mapstruct/mapstruct/1.2.0.Final/mapstruct-1.2.0.Final.jar:"/>
    <property name="java.vm.vendor" value="Oracle Corporation"/>
    <property name="sun.arch.data.model" value="64"/>
    <property name="java.vendor.url" value="http://java.oracle.com/"/>
    <property name="user.timezone" value=""/>
    <property name="java.vm.specification.version" value="11"/>
    <property name="os.name" value="Mac OS X"/>
    <property name="sun.java.launcher" value="SUN_STANDARD"/>
    <property name="user.country" value="CN"/>
    <property name="sun.boot.library.path" value="/Library/Java/JavaVirtualMachines/jdk-11.0.5.jdk/Contents/Home/lib"/>
    <property name="sun.java.command" value="/Users/ai/Work/Code/Java/specialrooter-parent5.7.0/bean/target/surefire/surefirebooter12122812854466082250.jar /Users/ai/Work/Code/Java/specialrooter-parent5.7.0/bean/target/surefire 2021-07-14T20-36-17_182-jvmRun1 surefire11701861660146126970tmp surefire_01901943201925160617tmp"/>
    <property name="jdk.debug" value="release"/>
    <property name="surefire.test.class.path" value="/Users/ai/Work/Code/Java/specialrooter-parent5.7.0/bean/target/test-classes:/Users/ai/Work/Code/Java/specialrooter-parent5.7.0/bean/target/classes:/Users/ai/Work/Code/Java/specialrooter-parent5.7.0/basic/target/basic-5.7.0-SNAPSHOT.jar:/Users/ai/Work/App/mvn-repository/org/springframework/boot/spring-boot-starter-web/2.3.8.RELEASE/spring-boot-starter-web-2.3.8.RELEASE.jar:/Users/ai/Work/App/mvn-repository/org/springframework/boot/spring-boot-starter/2.3.8.RELEASE/spring-boot-starter-2.3.8.RELEASE.jar:/Users/ai/Work/App/mvn-repository/org/springframework/boot/spring-boot/2.3.8.RELEASE/spring-boot-2.3.8.RELEASE.jar:/Users/ai/Work/App/mvn-repository/org/springframework/boot/spring-boot-starter-logging/2.3.8.RELEASE/spring-boot-starter-logging-2.3.8.RELEASE.jar:/Users/ai/Work/App/mvn-repository/ch/qos/logback/logback-classic/1.2.3/logback-classic-1.2.3.jar:/Users/ai/Work/App/mvn-repository/ch/qos/logback/logback-core/1.2.3/logback-core-1.2.3.jar:/Users/ai/Work/App/mvn-repository/org/apache/logging/log4j/log4j-to-slf4j/2.13.3/log4j-to-slf4j-2.13.3.jar:/Users/ai/Work/App/mvn-repository/org/apache/logging/log4j/log4j-api/2.13.3/log4j-api-2.13.3.jar:/Users/ai/Work/App/mvn-repository/org/slf4j/jul-to-slf4j/1.7.30/jul-to-slf4j-1.7.30.jar:/Users/ai/Work/App/mvn-repository/jakarta/annotation/jakarta.annotation-api/1.3.5/jakarta.annotation-api-1.3.5.jar:/Users/ai/Work/App/mvn-repository/org/springframework/spring-core/5.2.12.RELEASE/spring-core-5.2.12.RELEASE.jar:/Users/ai/Work/App/mvn-repository/org/springframework/spring-jcl/5.2.12.RELEASE/spring-jcl-5.2.12.RELEASE.jar:/Users/ai/Work/App/mvn-repository/org/yaml/snakeyaml/1.26/snakeyaml-1.26.jar:/Users/ai/Work/App/mvn-repository/org/springframework/boot/spring-boot-starter-json/2.3.8.RELEASE/spring-boot-starter-json-2.3.8.RELEASE.jar:/Users/ai/Work/App/mvn-repository/com/fasterxml/jackson/core/jackson-databind/2.11.4/jackson-databind-2.11.4.jar:/Users/ai/Work/App/mvn-repository/com/fasterxml/jackson/core/jackson-core/2.11.4/jackson-core-2.11.4.jar:/Users/ai/Work/App/mvn-repository/com/fasterxml/jackson/datatype/jackson-datatype-jdk8/2.11.4/jackson-datatype-jdk8-2.11.4.jar:/Users/ai/Work/App/mvn-repository/com/fasterxml/jackson/datatype/jackson-datatype-jsr310/2.11.4/jackson-datatype-jsr310-2.11.4.jar:/Users/ai/Work/App/mvn-repository/com/fasterxml/jackson/module/jackson-module-parameter-names/2.11.4/jackson-module-parameter-names-2.11.4.jar:/Users/ai/Work/App/mvn-repository/org/springframework/boot/spring-boot-starter-tomcat/2.3.8.RELEASE/spring-boot-starter-tomcat-2.3.8.RELEASE.jar:/Users/ai/Work/App/mvn-repository/org/apache/tomcat/embed/tomcat-embed-core/9.0.41/tomcat-embed-core-9.0.41.jar:/Users/ai/Work/App/mvn-repository/org/glassfish/jakarta.el/3.0.3/jakarta.el-3.0.3.jar:/Users/ai/Work/App/mvn-repository/org/apache/tomcat/embed/tomcat-embed-websocket/9.0.41/tomcat-embed-websocket-9.0.41.jar:/Users/ai/Work/App/mvn-repository/org/springframework/spring-web/5.2.12.RELEASE/spring-web-5.2.12.RELEASE.jar:/Users/ai/Work/App/mvn-repository/org/springframework/spring-beans/5.2.12.RELEASE/spring-beans-5.2.12.RELEASE.jar:/Users/ai/Work/App/mvn-repository/org/springframework/spring-webmvc/5.2.12.RELEASE/spring-webmvc-5.2.12.RELEASE.jar:/Users/ai/Work/App/mvn-repository/org/springframework/spring-aop/5.2.12.RELEASE/spring-aop-5.2.12.RELEASE.jar:/Users/ai/Work/App/mvn-repository/org/springframework/spring-context/5.2.12.RELEASE/spring-context-5.2.12.RELEASE.jar:/Users/ai/Work/App/mvn-repository/org/springframework/spring-expression/5.2.12.RELEASE/spring-expression-5.2.12.RELEASE.jar:/Users/ai/Work/App/mvn-repository/org/projectlombok/lombok/1.18.8/lombok-1.18.8.jar:/Users/ai/Work/App/mvn-repository/mysql/mysql-connector-java/8.0.18/mysql-connector-java-8.0.18.jar:/Users/ai/Work/App/mvn-repository/com/baomidou/mybatis-plus-boot-starter/3.4.2/mybatis-plus-boot-starter-3.4.2.jar:/Users/ai/Work/App/mvn-repository/com/baomidou/mybatis-plus/3.4.2/mybatis-plus-3.4.2.jar:/Users/ai/Work/App/mvn-repository/com/baomidou/mybatis-plus-extension/3.4.2/mybatis-plus-extension-3.4.2.jar:/Users/ai/Work/App/mvn-repository/com/baomidou/mybatis-plus-core/3.4.2/mybatis-plus-core-3.4.2.jar:/Users/ai/Work/App/mvn-repository/com/baomidou/mybatis-plus-annotation/3.4.2/mybatis-plus-annotation-3.4.2.jar:/Users/ai/Work/App/mvn-repository/com/github/jsqlparser/jsqlparser/4.0/jsqlparser-4.0.jar:/Users/ai/Work/App/mvn-repository/org/mybatis/mybatis/3.5.6/mybatis-3.5.6.jar:/Users/ai/Work/App/mvn-repository/org/mybatis/mybatis-spring/2.0.5/mybatis-spring-2.0.5.jar:/Users/ai/Work/App/mvn-repository/org/springframework/boot/spring-boot-autoconfigure/2.3.8.RELEASE/spring-boot-autoconfigure-2.3.8.RELEASE.jar:/Users/ai/Work/App/mvn-repository/org/springframework/boot/spring-boot-starter-jdbc/2.3.8.RELEASE/spring-boot-starter-jdbc-2.3.8.RELEASE.jar:/Users/ai/Work/App/mvn-repository/com/zaxxer/HikariCP/3.4.5/HikariCP-3.4.5.jar:/Users/ai/Work/App/mvn-repository/org/springframework/spring-jdbc/5.2.12.RELEASE/spring-jdbc-5.2.12.RELEASE.jar:/Users/ai/Work/App/mvn-repository/org/springframework/spring-tx/5.2.12.RELEASE/spring-tx-5.2.12.RELEASE.jar:/Users/ai/Work/App/mvn-repository/io/springfox/springfox-swagger2/2.9.2/springfox-swagger2-2.9.2.jar:/Users/ai/Work/App/mvn-repository/io/swagger/swagger-annotations/1.5.20/swagger-annotations-1.5.20.jar:/Users/ai/Work/App/mvn-repository/io/swagger/swagger-models/1.5.20/swagger-models-1.5.20.jar:/Users/ai/Work/App/mvn-repository/com/fasterxml/jackson/core/jackson-annotations/2.11.4/jackson-annotations-2.11.4.jar:/Users/ai/Work/App/mvn-repository/io/springfox/springfox-spi/2.9.2/springfox-spi-2.9.2.jar:/Users/ai/Work/App/mvn-repository/io/springfox/springfox-core/2.9.2/springfox-core-2.9.2.jar:/Users/ai/Work/App/mvn-repository/net/bytebuddy/byte-buddy/1.10.19/byte-buddy-1.10.19.jar:/Users/ai/Work/App/mvn-repository/io/springfox/springfox-schema/2.9.2/springfox-schema-2.9.2.jar:/Users/ai/Work/App/mvn-repository/io/springfox/springfox-swagger-common/2.9.2/springfox-swagger-common-2.9.2.jar:/Users/ai/Work/App/mvn-repository/io/springfox/springfox-spring-web/2.9.2/springfox-spring-web-2.9.2.jar:/Users/ai/Work/App/mvn-repository/com/google/guava/guava/29.0-jre/guava-29.0-jre.jar:/Users/ai/Work/App/mvn-repository/com/google/guava/failureaccess/1.0.1/failureaccess-1.0.1.jar:/Users/ai/Work/App/mvn-repository/com/google/guava/listenablefuture/9999.0-empty-to-avoid-conflict-with-guava/listenablefuture-9999.0-empty-to-avoid-conflict-with-guava.jar:/Users/ai/Work/App/mvn-repository/com/google/code/findbugs/jsr305/3.0.2/jsr305-3.0.2.jar:/Users/ai/Work/App/mvn-repository/org/checkerframework/checker-qual/2.11.1/checker-qual-2.11.1.jar:/Users/ai/Work/App/mvn-repository/com/google/errorprone/error_prone_annotations/2.3.4/error_prone_annotations-2.3.4.jar:/Users/ai/Work/App/mvn-repository/com/google/j2objc/j2objc-annotations/1.3/j2objc-annotations-1.3.jar:/Users/ai/Work/App/mvn-repository/com/fasterxml/classmate/1.5.1/classmate-1.5.1.jar:/Users/ai/Work/App/mvn-repository/org/slf4j/slf4j-api/1.7.30/slf4j-api-1.7.30.jar:/Users/ai/Work/App/mvn-repository/org/springframework/plugin/spring-plugin-core/1.2.0.RELEASE/spring-plugin-core-1.2.0.RELEASE.jar:/Users/ai/Work/App/mvn-repository/org/springframework/plugin/spring-plugin-metadata/1.2.0.RELEASE/spring-plugin-metadata-1.2.0.RELEASE.jar:/Users/ai/Work/App/mvn-repository/org/mapstruct/mapstruct/1.2.0.Final/mapstruct-1.2.0.Final.jar:"/>
    <property name="sun.cpu.endian" value="little"/>
    <property name="user.home" value="/Users/ai"/>
    <property name="user.language" value="zh"/>
    <property name="java.specification.vendor" value="Oracle Corporation"/>
    <property name="java.version.date" value="2019-10-15"/>
    <property name="java.home" value="/Library/Java/JavaVirtualMachines/jdk-11.0.5.jdk/Contents/Home"/>
    <property name="file.separator" value="/"/>
    <property name="basedir" value="/Users/ai/Work/Code/Java/specialrooter-parent5.7.0/bean"/>
    <property name="java.vm.compressedOopsMode" value="Zero based"/>
    <property name="line.separator" value="&#10;"/>
    <property name="java.specification.name" value="Java Platform API Specification"/>
    <property name="java.vm.specification.vendor" value="Oracle Corporation"/>
    <property name="java.awt.graphicsenv" value="sun.awt.CGraphicsEnvironment"/>
    <property name="surefire.real.class.path" value="/Users/ai/Work/Code/Java/specialrooter-parent5.7.0/bean/target/surefire/surefirebooter12122812854466082250.jar"/>
    <property name="user.script" value="Hans"/>
    <property name="sun.management.compiler" value="HotSpot 64-Bit Tiered Compilers"/>
    <property name="java.runtime.version" value="11.0.5+10-LTS"/>
    <property name="user.name" value="ai"/>
    <property name="path.separator" value=":"/>
    <property name="os.version" value="10.16"/>
    <property name="java.runtime.name" value="Java(TM) SE Runtime Environment"/>
    <property name="file.encoding" value="UTF-8"/>
    <property name="java.vm.name" value="Java HotSpot(TM) 64-Bit Server VM"/>
    <property name="java.vendor.version" value="18.9"/>
    <property name="localRepository" value="/Users/ai/Work/App/mvn-repository"/>
    <property name="java.vendor.url.bug" value="http://bugreport.java.com/bugreport/"/>
    <property name="java.io.tmpdir" value="/var/folders/51/s3hg4vgs2s1bcxlvjgpdj4840000gn/T/"/>
    <property name="idea.version" value="2020.2.4"/>
    <property name="java.version" value="11.0.5"/>
    <property name="user.dir" value="/Users/ai/Work/Code/Java/specialrooter-parent5.7.0/bean"/>
    <property name="os.arch" value="x86_64"/>
    <property name="java.vm.specification.name" value="Java Virtual Machine Specification"/>
    <property name="java.awt.printerjob" value="sun.lwawt.macosx.CPrinterJob"/>
    <property name="sun.os.patch.level" value="unknown"/>
    <property name="java.library.path" value="/Users/ai/Library/Java/Extensions:/Library/Java/Extensions:/Network/Library/Java/Extensions:/System/Library/Java/Extensions:/usr/lib/java:."/>
    <property name="java.vendor" value="Oracle Corporation"/>
    <property name="java.vm.info" value="mixed mode"/>
    <property name="java.vm.version" value="11.0.5+10-LTS"/>
    <property name="sun.io.unicode.encoding" value="UnicodeBig"/>
    <property name="java.class.version" value="55.0"/>
  </properties>
</testsuite>